Traceback (most recent call last):
  File "C:\Users\Ortwin\cdss-dev\TSTool\git-repos\owf-tstool-ai-plugin\owf-tstool-ai-training\models_to_train\training_30.py", line 3, in <module>
    import torch
  File "C:\Users\Ortwin\AppData\Local\Programs\Python\Python310\lib\site-packages\torch\__init__.py", line 2126, in <module>
    from torch import _VF as _VF, functional as functional  # usort: skip
  File "C:\Users\Ortwin\AppData\Local\Programs\Python\Python310\lib\site-packages\torch\functional.py", line 8, in <module>
    import torch.nn.functional as F
  File "C:\Users\Ortwin\AppData\Local\Programs\Python\Python310\lib\site-packages\torch\nn\__init__.py", line 8, in <module>
    from torch.nn.modules import *  # usort: skip # noqa: F403
  File "C:\Users\Ortwin\AppData\Local\Programs\Python\Python310\lib\site-packages\torch\nn\modules\__init__.py", line 1, in <module>
    from .module import Module  # usort: skip
  File "C:\Users\Ortwin\AppData\Local\Programs\Python\Python310\lib\site-packages\torch\nn\modules\module.py", line 17, in <module>
    from torch.utils._python_dispatch import is_traceable_wrapper_subclass
  File "C:\Users\Ortwin\AppData\Local\Programs\Python\Python310\lib\site-packages\torch\utils\_python_dispatch.py", line 13, in <module>
    import torchgen.model
  File "C:\Users\Ortwin\AppData\Local\Programs\Python\Python310\lib\site-packages\torchgen\model.py", line 1283, in <module>
    class BackendIndex:
  File "C:\Users\Ortwin\AppData\Local\Programs\Python\Python310\lib\dataclasses.py", line 1175, in wrap
    return _process_class(cls, init, repr, eq, order, unsafe_hash,
  File "C:\Users\Ortwin\AppData\Local\Programs\Python\Python310\lib\dataclasses.py", line 1017, in _process_class
    kw_only_init_fields) = _fields_in_init_order(all_init_fields)
  File "C:\Users\Ortwin\AppData\Local\Programs\Python\Python310\lib\dataclasses.py", line 375, in _fields_in_init_order
    tuple(f for f in fields if f.init and f.kw_only)
KeyboardInterrupt
